[0m18:56:51.918453 [debug] [MainThread]: Sending event: {'category': 'dbt', 'action': 'invocation', 'label': 'start', 'context': [<snowplow_tracker.self_describing_json.SelfDescribingJson object at 0x00000250A3F2C9B0>, <snowplow_tracker.self_describing_json.SelfDescribingJson object at 0x00000250A2017320>, <snowplow_tracker.self_describing_json.SelfDescribingJson object at 0x00000250A481CFE0>]}


============================== 18:56:51.923453 | 62908d4c-648f-42be-ac34-ee94bc7bdc76 ==============================
[0m18:56:51.923453 [info ] [MainThread]: Running with dbt=1.11.2
[0m18:56:51.924453 [debug] [MainThread]: running dbt with arguments {'version_check': 'True', 'no_print': 'None', 'static_parser': 'True', 'warn_error_options': 'WarnErrorOptionsV2(error=[], warn=[], silence=[])', 'target_path': 'None', 'printer_width': '80', 'write_json': 'True', 'empty': 'None', 'log_cache_events': 'False', 'introspect': 'True', 'cache_selected_only': 'False', 'fail_fast': 'False', 'debug': 'False', 'log_format': 'default', 'partial_parse': 'True', 'send_anonymous_usage_stats': 'True', 'quiet': 'False', 'warn_error': 'None', 'profiles_dir': 'C:\\Users\\HideakiKawai\\.dbt', 'indirect_selection': 'eager', 'use_colors': 'True', 'invocation_command': 'dbt debug', 'use_experimental_parser': 'False', 'log_path': 'logs'}
[0m18:56:51.958804 [info ] [MainThread]: dbt version: 1.11.2
[0m18:56:51.959804 [info ] [MainThread]: python version: 3.12.10
[0m18:56:51.959804 [info ] [MainThread]: python path: C:\Users\HideakiKawai\Documents\03_development\SF_FINANCE_DEMO\venv\Scripts\python.exe
[0m18:56:51.959804 [info ] [MainThread]: os info: Windows-11-10.0.26100-SP0
[0m18:56:52.859563 [debug] [MainThread]: Snowflake adapter: Setting snowflake.connector to ERROR (file logging only)
[0m18:56:52.860565 [debug] [MainThread]: Snowflake adapter: Setting botocore to ERROR (file logging only)
[0m18:56:52.860565 [debug] [MainThread]: Snowflake adapter: Setting boto3 to ERROR (file logging only)
[0m18:56:52.948950 [debug] [MainThread]: Snowflake adapter: Replaced underscores (_) with hyphens (-) in Snowflake account name to form a valid account URL.
[0m18:56:52.957675 [info ] [MainThread]: Using profiles dir at C:\Users\HideakiKawai\.dbt
[0m18:56:52.958807 [info ] [MainThread]: Using profiles.yml file at C:\Users\HideakiKawai\.dbt\profiles.yml
[0m18:56:52.958807 [info ] [MainThread]: Using dbt_project.yml file at C:\Users\HideakiKawai\Documents\03_development\SF_FINANCE_DEMO\dbt_project.yml
[0m18:56:52.962951 [info ] [MainThread]: adapter type: snowflake
[0m18:56:52.964087 [info ] [MainThread]: adapter version: 1.11.0
[0m18:56:52.964087 [info ] [MainThread]: Configuration:
[0m18:56:52.965096 [info ] [MainThread]:   profiles.yml file [[32mOK found and valid[0m]
[0m18:56:52.968594 [info ] [MainThread]:   dbt_project.yml file [[31mERROR not found[0m]
[0m18:56:52.974630 [info ] [MainThread]: Required dependencies:
[0m18:56:52.975728 [debug] [MainThread]: Executing "git --help"
[0m18:56:53.034546 [debug] [MainThread]: STDOUT: "b"usage: git [-v | --version] [-h | --help] [-C <path>] [-c <name>=<value>]\n           [--exec-path[=<path>]] [--html-path] [--man-path] [--info-path]\n           [-p | --paginate | -P | --no-pager] [--no-replace-objects] [--no-lazy-fetch]\n           [--no-optional-locks] [--no-advice] [--bare] [--git-dir=<path>]\n           [--work-tree=<path>] [--namespace=<name>] [--config-env=<name>=<envvar>]\n           <command> [<args>]\n\nThese are common Git commands used in various situations:\n\nstart a working area (see also: git help tutorial)\n   clone      Clone a repository into a new directory\n   init       Create an empty Git repository or reinitialize an existing one\n\nwork on the current change (see also: git help everyday)\n   add        Add file contents to the index\n   mv         Move or rename a file, a directory, or a symlink\n   restore    Restore working tree files\n   rm         Remove files from the working tree and from the index\n\nexamine the history and state (see also: git help revisions)\n   bisect     Use binary search to find the commit that introduced a bug\n   diff       Show changes between commits, commit and working tree, etc\n   grep       Print lines matching a pattern\n   log        Show commit logs\n   show       Show various types of objects\n   status     Show the working tree status\n\ngrow, mark and tweak your common history\n   backfill   Download missing objects in a partial clone\n   branch     List, create, or delete branches\n   commit     Record changes to the repository\n   merge      Join two or more development histories together\n   rebase     Reapply commits on top of another base tip\n   reset      Reset current HEAD to the specified state\n   switch     Switch branches\n   tag        Create, list, delete or verify tags\n\ncollaborate (see also: git help workflows)\n   fetch      Download objects and refs from another repository\n   pull       Fetch from and integrate with another repository or a local branch\n   push       Update remote refs along with associated objects\n\n'git help -a' and 'git help -g' list available subcommands and some\nconcept guides. See 'git help <command>' or 'git help <concept>'\nto read about a specific subcommand or concept.\nSee 'git help git' for an overview of the system.\n""
[0m18:56:53.034546 [debug] [MainThread]: STDERR: "b''"
[0m18:56:53.034546 [info ] [MainThread]:  - git [[32mOK found[0m]

[0m18:56:53.035544 [info ] [MainThread]: Connection:
[0m18:56:53.035544 [info ] [MainThread]:   account: sand-global
[0m18:56:53.036546 [info ] [MainThread]:   user: h.kawai@flux-g.com
[0m18:56:53.036546 [info ] [MainThread]:   database: FINANCE_DEMO_DB
[0m18:56:53.036546 [info ] [MainThread]:   warehouse: FINANCE_DEMO_WH
[0m18:56:53.037546 [info ] [MainThread]:   role: FINANCE_ADMIN_ROLE
[0m18:56:53.037546 [info ] [MainThread]:   schema: STAGING
[0m18:56:53.038545 [info ] [MainThread]:   authenticator: externalbrowser
[0m18:56:53.038545 [info ] [MainThread]:   oauth_client_id: None
[0m18:56:53.038545 [info ] [MainThread]:   query_tag: None
[0m18:56:53.039545 [info ] [MainThread]:   client_session_keep_alive: False
[0m18:56:53.039545 [info ] [MainThread]:   host: None
[0m18:56:53.039545 [info ] [MainThread]:   port: None
[0m18:56:53.040546 [info ] [MainThread]:   proxy_host: None
[0m18:56:53.040546 [info ] [MainThread]:   proxy_port: None
[0m18:56:53.041545 [info ] [MainThread]:   protocol: None
[0m18:56:53.041545 [info ] [MainThread]:   connect_retries: 1
[0m18:56:53.042546 [info ] [MainThread]:   connect_timeout: None
[0m18:56:53.042546 [info ] [MainThread]:   retry_on_database_errors: False
[0m18:56:53.042546 [info ] [MainThread]:   retry_all: False
[0m18:56:53.043546 [info ] [MainThread]:   insecure_mode: False
[0m18:56:53.043546 [info ] [MainThread]:   reuse_connections: True
[0m18:56:53.043546 [info ] [MainThread]:   s3_stage_vpce_dns_name: None
[0m18:56:53.044546 [info ] [MainThread]:   platform_detection_timeout_seconds: 0.0
[0m18:56:53.044546 [info ] [MainThread]: Registered adapter: snowflake=1.11.0
[0m18:56:53.315852 [debug] [MainThread]: Acquiring new snowflake connection 'debug'
[0m18:56:59.272407 [debug] [MainThread]: Using snowflake connection "debug"
[0m18:56:59.273407 [debug] [MainThread]: On debug: select 1 as id
[0m18:56:59.273407 [debug] [MainThread]: Opening a new connection, currently in state init
[0m18:57:00.718122 [debug] [MainThread]: Snowflake adapter: Error running SQL: select 1 as id
[0m18:57:00.718122 [debug] [MainThread]: Snowflake adapter: Rolling back transaction.
[0m18:57:00.719122 [info ] [MainThread]:   Connection test: [[31mERROR[0m]

[0m18:57:00.720122 [info ] [MainThread]: [31m2 checks failed:[0m
[0m18:57:00.721121 [info ] [MainThread]: Project loading failed for the following reason:
 project path <C:\Users\HideakiKawai\Documents\03_development\SF_FINANCE_DEMO\dbt_project.yml> not found

[0m18:57:00.721121 [info ] [MainThread]: dbt was unable to connect to the specified database.
The database returned the following error:

  >Database Error
  290404 (08001): 404 Not Found: post sand-global.snowflakecomputing.com:443/session/authenticator-request

Check your database credentials and try again. For more information, visit:
https://docs.getdbt.com/docs/configure-your-profile


[0m18:57:00.722121 [debug] [MainThread]: Command `dbt debug` failed at 18:57:00.722121 after 8.99 seconds
[0m18:57:00.723119 [debug] [MainThread]: Connection 'debug' was left open.
[0m18:57:00.723119 [debug] [MainThread]: On debug: No close available on handle
[0m18:57:00.723119 [debug] [MainThread]: Sending event: {'category': 'dbt', 'action': 'invocation', 'label': 'end', 'context': [<snowplow_tracker.self_describing_json.SelfDescribingJson object at 0x00000250A6519820>, <snowplow_tracker.self_describing_json.SelfDescribingJson object at 0x00000250A37973B0>, <snowplow_tracker.self_describing_json.SelfDescribingJson object at 0x00000250A3F2C9B0>]}
[0m18:57:00.723119 [debug] [MainThread]: Flushing usage events
[0m18:57:01.826328 [debug] [MainThread]: An error was encountered while trying to flush usage events
[0m19:04:07.232347 [debug] [MainThread]: Sending event: {'category': 'dbt', 'action': 'invocation', 'label': 'start', 'context': [<snowplow_tracker.self_describing_json.SelfDescribingJson object at 0x0000019BED131B50>, <snowplow_tracker.self_describing_json.SelfDescribingJson object at 0x0000019BED185FD0>, <snowplow_tracker.self_describing_json.SelfDescribingJson object at 0x0000019BED1861E0>]}


============================== 19:04:07.236140 | 5b6c5711-cbdd-4017-807b-b4109968ac49 ==============================
[0m19:04:07.236140 [info ] [MainThread]: Running with dbt=1.11.2
[0m19:04:07.237584 [debug] [MainThread]: running dbt with arguments {'version_check': 'True', 'no_print': 'None', 'static_parser': 'True', 'warn_error_options': 'WarnErrorOptionsV2(error=[], warn=[], silence=[])', 'target_path': 'None', 'printer_width': '80', 'write_json': 'True', 'empty': 'None', 'log_cache_events': 'False', 'introspect': 'True', 'cache_selected_only': 'False', 'fail_fast': 'False', 'debug': 'False', 'log_format': 'default', 'profiles_dir': 'C:\\Users\\HideakiKawai\\.dbt', 'send_anonymous_usage_stats': 'True', 'quiet': 'False', 'warn_error': 'None', 'partial_parse': 'True', 'indirect_selection': 'eager', 'use_colors': 'True', 'invocation_command': 'dbt debug', 'use_experimental_parser': 'False', 'log_path': 'logs'}
[0m19:04:07.256345 [info ] [MainThread]: dbt version: 1.11.2
[0m19:04:07.256345 [info ] [MainThread]: python version: 3.12.10
[0m19:04:07.256345 [info ] [MainThread]: python path: C:\Users\HideakiKawai\Documents\03_development\SF_FINANCE_DEMO\venv\Scripts\python.exe
[0m19:04:07.257529 [info ] [MainThread]: os info: Windows-11-10.0.26100-SP0
[0m19:04:07.716414 [debug] [MainThread]: Snowflake adapter: Setting snowflake.connector to ERROR (file logging only)
[0m19:04:07.717769 [debug] [MainThread]: Snowflake adapter: Setting botocore to ERROR (file logging only)
[0m19:04:07.717769 [debug] [MainThread]: Snowflake adapter: Setting boto3 to ERROR (file logging only)
[0m19:04:07.796477 [debug] [MainThread]: Snowflake adapter: Replaced underscores (_) with hyphens (-) in Snowflake account name to form a valid account URL.
[0m19:04:07.802977 [info ] [MainThread]: Using profiles dir at C:\Users\HideakiKawai\.dbt
[0m19:04:07.802977 [info ] [MainThread]: Using profiles.yml file at C:\Users\HideakiKawai\.dbt\profiles.yml
[0m19:04:07.804313 [info ] [MainThread]: Using dbt_project.yml file at C:\Users\HideakiKawai\Documents\03_development\SF_FINANCE_DEMO\dbt_project.yml
[0m19:04:07.805583 [info ] [MainThread]: adapter type: snowflake
[0m19:04:07.805583 [info ] [MainThread]: adapter version: 1.11.0
[0m19:04:07.806591 [info ] [MainThread]: Configuration:
[0m19:04:07.806591 [info ] [MainThread]:   profiles.yml file [[32mOK found and valid[0m]
[0m19:04:07.807596 [info ] [MainThread]:   dbt_project.yml file [[31mERROR not found[0m]
[0m19:04:07.808594 [info ] [MainThread]: Required dependencies:
[0m19:04:07.811199 [debug] [MainThread]: Executing "git --help"
[0m19:04:07.869306 [debug] [MainThread]: STDOUT: "b"usage: git [-v | --version] [-h | --help] [-C <path>] [-c <name>=<value>]\n           [--exec-path[=<path>]] [--html-path] [--man-path] [--info-path]\n           [-p | --paginate | -P | --no-pager] [--no-replace-objects] [--no-lazy-fetch]\n           [--no-optional-locks] [--no-advice] [--bare] [--git-dir=<path>]\n           [--work-tree=<path>] [--namespace=<name>] [--config-env=<name>=<envvar>]\n           <command> [<args>]\n\nThese are common Git commands used in various situations:\n\nstart a working area (see also: git help tutorial)\n   clone      Clone a repository into a new directory\n   init       Create an empty Git repository or reinitialize an existing one\n\nwork on the current change (see also: git help everyday)\n   add        Add file contents to the index\n   mv         Move or rename a file, a directory, or a symlink\n   restore    Restore working tree files\n   rm         Remove files from the working tree and from the index\n\nexamine the history and state (see also: git help revisions)\n   bisect     Use binary search to find the commit that introduced a bug\n   diff       Show changes between commits, commit and working tree, etc\n   grep       Print lines matching a pattern\n   log        Show commit logs\n   show       Show various types of objects\n   status     Show the working tree status\n\ngrow, mark and tweak your common history\n   backfill   Download missing objects in a partial clone\n   branch     List, create, or delete branches\n   commit     Record changes to the repository\n   merge      Join two or more development histories together\n   rebase     Reapply commits on top of another base tip\n   reset      Reset current HEAD to the specified state\n   switch     Switch branches\n   tag        Create, list, delete or verify tags\n\ncollaborate (see also: git help workflows)\n   fetch      Download objects and refs from another repository\n   pull       Fetch from and integrate with another repository or a local branch\n   push       Update remote refs along with associated objects\n\n'git help -a' and 'git help -g' list available subcommands and some\nconcept guides. See 'git help <command>' or 'git help <concept>'\nto read about a specific subcommand or concept.\nSee 'git help git' for an overview of the system.\n""
[0m19:04:07.870305 [debug] [MainThread]: STDERR: "b''"
[0m19:04:07.870305 [info ] [MainThread]:  - git [[32mOK found[0m]

[0m19:04:07.871306 [info ] [MainThread]: Connection:
[0m19:04:07.871306 [info ] [MainThread]:   account: FLUX-SAND-GLOBAL
[0m19:04:07.871306 [info ] [MainThread]:   user: h.kawai@flux-g.com
[0m19:04:07.871306 [info ] [MainThread]:   database: FINANCE_DEMO_DB
[0m19:04:07.872814 [info ] [MainThread]:   warehouse: FINANCE_DEMO_WH
[0m19:04:07.872814 [info ] [MainThread]:   role: FINANCE_ADMIN_ROLE
[0m19:04:07.873822 [info ] [MainThread]:   schema: STAGING
[0m19:04:07.873822 [info ] [MainThread]:   authenticator: externalbrowser
[0m19:04:07.873822 [info ] [MainThread]:   oauth_client_id: None
[0m19:04:07.874821 [info ] [MainThread]:   query_tag: None
[0m19:04:07.874821 [info ] [MainThread]:   client_session_keep_alive: False
[0m19:04:07.874821 [info ] [MainThread]:   host: None
[0m19:04:07.875822 [info ] [MainThread]:   port: None
[0m19:04:07.875822 [info ] [MainThread]:   proxy_host: None
[0m19:04:07.876822 [info ] [MainThread]:   proxy_port: None
[0m19:04:07.876822 [info ] [MainThread]:   protocol: None
[0m19:04:07.876822 [info ] [MainThread]:   connect_retries: 1
[0m19:04:07.877821 [info ] [MainThread]:   connect_timeout: None
[0m19:04:07.877821 [info ] [MainThread]:   retry_on_database_errors: False
[0m19:04:07.877821 [info ] [MainThread]:   retry_all: False
[0m19:04:07.877821 [info ] [MainThread]:   insecure_mode: False
[0m19:04:07.878823 [info ] [MainThread]:   reuse_connections: True
[0m19:04:07.878823 [info ] [MainThread]:   s3_stage_vpce_dns_name: None
[0m19:04:07.878823 [info ] [MainThread]:   platform_detection_timeout_seconds: 0.0
[0m19:04:07.879821 [info ] [MainThread]: Registered adapter: snowflake=1.11.0
[0m19:04:08.192998 [debug] [MainThread]: Acquiring new snowflake connection 'debug'
[0m19:04:08.297387 [debug] [MainThread]: Using snowflake connection "debug"
[0m19:04:08.298394 [debug] [MainThread]: On debug: select 1 as id
[0m19:04:08.298394 [debug] [MainThread]: Opening a new connection, currently in state init
[0m19:04:11.956121 [debug] [MainThread]: SQL status: SUCCESS 1 in 3.657 seconds
[0m19:04:11.957136 [info ] [MainThread]:   Connection test: [[32mOK connection ok[0m]

[0m19:04:11.958134 [info ] [MainThread]: [31m1 check failed:[0m
[0m19:04:11.958134 [info ] [MainThread]: Project loading failed for the following reason:
 project path <C:\Users\HideakiKawai\Documents\03_development\SF_FINANCE_DEMO\dbt_project.yml> not found

[0m19:04:11.959133 [debug] [MainThread]: Command `dbt debug` failed at 19:04:11.959133 after 4.97 seconds
[0m19:04:11.959133 [debug] [MainThread]: Connection 'debug' was left open.
[0m19:04:11.960133 [debug] [MainThread]: On debug: Close
[0m19:04:12.012242 [debug] [MainThread]: Sending event: {'category': 'dbt', 'action': 'invocation', 'label': 'end', 'context': [<snowplow_tracker.self_describing_json.SelfDescribingJson object at 0x0000019BEFCCF3B0>, <snowplow_tracker.self_describing_json.SelfDescribingJson object at 0x0000019BEDEA5C70>, <snowplow_tracker.self_describing_json.SelfDescribingJson object at 0x0000019BED754E30>]}
[0m19:04:12.012242 [debug] [MainThread]: Flushing usage events
[0m19:04:13.110789 [debug] [MainThread]: An error was encountered while trying to flush usage events
[0m10:13:34.420486 [debug] [MainThread]: Sending event: {'category': 'dbt', 'action': 'invocation', 'label': 'start', 'context': [<snowplow_tracker.self_describing_json.SelfDescribingJson object at 0x000001B4E75F9190>, <snowplow_tracker.self_describing_json.SelfDescribingJson object at 0x000001B4E75FB770>, <snowplow_tracker.self_describing_json.SelfDescribingJson object at 0x000001B4E73E21E0>]}


============================== 10:13:34.427051 | eb43b3df-3260-4dd4-b00a-5a24be93f4b7 ==============================
[0m10:13:34.427051 [info ] [MainThread]: Running with dbt=1.11.2
[0m10:13:34.427051 [debug] [MainThread]: running dbt with arguments {'static_parser': 'True', 'no_print': 'None', 'version_check': 'True', 'target_path': 'None', 'warn_error_options': 'WarnErrorOptionsV2(error=[], warn=[], silence=[])', 'printer_width': '80', 'write_json': 'True', 'introspect': 'True', 'log_cache_events': 'False', 'empty': 'None', 'cache_selected_only': 'False', 'fail_fast': 'False', 'debug': 'False', 'log_format': 'default', 'profiles_dir': 'C:\\Users\\HideakiKawai\\.dbt', 'send_anonymous_usage_stats': 'True', 'quiet': 'False', 'warn_error': 'None', 'partial_parse': 'True', 'invocation_command': 'dbt debug', 'use_colors': 'True', 'indirect_selection': 'eager', 'use_experimental_parser': 'False', 'log_path': 'logs'}
[0m10:13:34.451052 [info ] [MainThread]: dbt version: 1.11.2
[0m10:13:34.452070 [info ] [MainThread]: python version: 3.12.10
[0m10:13:34.452070 [info ] [MainThread]: python path: C:\Users\HideakiKawai\Documents\03_development\SF_FINANCE_DEMO\venv\Scripts\python.exe
[0m10:13:34.453047 [info ] [MainThread]: os info: Windows-11-10.0.26100-SP0
[0m10:13:35.380363 [debug] [MainThread]: Snowflake adapter: Setting snowflake.connector to ERROR (file logging only)
[0m10:13:35.380363 [debug] [MainThread]: Snowflake adapter: Setting botocore to ERROR (file logging only)
[0m10:13:35.380363 [debug] [MainThread]: Snowflake adapter: Setting boto3 to ERROR (file logging only)
[0m10:13:35.429305 [debug] [MainThread]: Snowflake adapter: Replaced underscores (_) with hyphens (-) in Snowflake account name to form a valid account URL.
[0m10:13:35.432302 [info ] [MainThread]: Using profiles dir at C:\Users\HideakiKawai\.dbt
[0m10:13:35.433301 [info ] [MainThread]: Using profiles.yml file at C:\Users\HideakiKawai\.dbt\profiles.yml
[0m10:13:35.433301 [info ] [MainThread]: Using dbt_project.yml file at C:\Users\HideakiKawai\Documents\03_development\SF_FINANCE_DEMO\dbt_project.yml
[0m10:13:35.435743 [info ] [MainThread]: adapter type: snowflake
[0m10:13:35.436906 [info ] [MainThread]: adapter version: 1.11.0
[0m10:13:35.436906 [info ] [MainThread]: Configuration:
[0m10:13:35.438696 [info ] [MainThread]:   profiles.yml file [[32mOK found and valid[0m]
[0m10:13:35.439709 [info ] [MainThread]:   dbt_project.yml file [[31mERROR not found[0m]
[0m10:13:35.439709 [info ] [MainThread]: Required dependencies:
[0m10:13:35.440707 [debug] [MainThread]: Executing "git --help"
[0m10:13:35.488982 [debug] [MainThread]: STDOUT: "b"usage: git [-v | --version] [-h | --help] [-C <path>] [-c <name>=<value>]\n           [--exec-path[=<path>]] [--html-path] [--man-path] [--info-path]\n           [-p | --paginate | -P | --no-pager] [--no-replace-objects] [--no-lazy-fetch]\n           [--no-optional-locks] [--no-advice] [--bare] [--git-dir=<path>]\n           [--work-tree=<path>] [--namespace=<name>] [--config-env=<name>=<envvar>]\n           <command> [<args>]\n\nThese are common Git commands used in various situations:\n\nstart a working area (see also: git help tutorial)\n   clone      Clone a repository into a new directory\n   init       Create an empty Git repository or reinitialize an existing one\n\nwork on the current change (see also: git help everyday)\n   add        Add file contents to the index\n   mv         Move or rename a file, a directory, or a symlink\n   restore    Restore working tree files\n   rm         Remove files from the working tree and from the index\n\nexamine the history and state (see also: git help revisions)\n   bisect     Use binary search to find the commit that introduced a bug\n   diff       Show changes between commits, commit and working tree, etc\n   grep       Print lines matching a pattern\n   log        Show commit logs\n   show       Show various types of objects\n   status     Show the working tree status\n\ngrow, mark and tweak your common history\n   backfill   Download missing objects in a partial clone\n   branch     List, create, or delete branches\n   commit     Record changes to the repository\n   merge      Join two or more development histories together\n   rebase     Reapply commits on top of another base tip\n   reset      Reset current HEAD to the specified state\n   switch     Switch branches\n   tag        Create, list, delete or verify tags\n\ncollaborate (see also: git help workflows)\n   fetch      Download objects and refs from another repository\n   pull       Fetch from and integrate with another repository or a local branch\n   push       Update remote refs along with associated objects\n\n'git help -a' and 'git help -g' list available subcommands and some\nconcept guides. See 'git help <command>' or 'git help <concept>'\nto read about a specific subcommand or concept.\nSee 'git help git' for an overview of the system.\n""
[0m10:13:35.488982 [debug] [MainThread]: STDERR: "b''"
[0m10:13:35.488982 [info ] [MainThread]:  - git [[32mOK found[0m]

[0m10:13:35.489991 [info ] [MainThread]: Connection:
[0m10:13:35.490998 [info ] [MainThread]:   account: FLUX-SAND-GLOBAL
[0m10:13:35.490998 [info ] [MainThread]:   user: h.kawai@flux-g.com
[0m10:13:35.491992 [info ] [MainThread]:   database: FINANCE_DEMO_DB
[0m10:13:35.491992 [info ] [MainThread]:   warehouse: FINANCE_DEMO_WH
[0m10:13:35.493473 [info ] [MainThread]:   role: FINANCE_ADMIN_ROLE
[0m10:13:35.493979 [info ] [MainThread]:   schema: STAGING
[0m10:13:35.493979 [info ] [MainThread]:   authenticator: externalbrowser
[0m10:13:35.493979 [info ] [MainThread]:   oauth_client_id: None
[0m10:13:35.495410 [info ] [MainThread]:   query_tag: None
[0m10:13:35.495410 [info ] [MainThread]:   client_session_keep_alive: False
[0m10:13:35.495410 [info ] [MainThread]:   host: None
[0m10:13:35.496564 [info ] [MainThread]:   port: None
[0m10:13:35.496564 [info ] [MainThread]:   proxy_host: None
[0m10:13:35.496564 [info ] [MainThread]:   proxy_port: None
[0m10:13:35.496564 [info ] [MainThread]:   protocol: None
[0m10:13:35.497909 [info ] [MainThread]:   connect_retries: 1
[0m10:13:35.497909 [info ] [MainThread]:   connect_timeout: None
[0m10:13:35.497909 [info ] [MainThread]:   retry_on_database_errors: False
[0m10:13:35.499012 [info ] [MainThread]:   retry_all: False
[0m10:13:35.499012 [info ] [MainThread]:   insecure_mode: False
[0m10:13:35.499012 [info ] [MainThread]:   reuse_connections: True
[0m10:13:35.500088 [info ] [MainThread]:   s3_stage_vpce_dns_name: None
[0m10:13:35.500088 [info ] [MainThread]:   platform_detection_timeout_seconds: 0.0
[0m10:13:35.501101 [info ] [MainThread]: Registered adapter: snowflake=1.11.0
[0m10:13:35.962858 [debug] [MainThread]: Acquiring new snowflake connection 'debug'
[0m10:13:41.736136 [debug] [MainThread]: Using snowflake connection "debug"
[0m10:13:41.736136 [debug] [MainThread]: On debug: select 1 as id
[0m10:13:41.737260 [debug] [MainThread]: Opening a new connection, currently in state init
[0m10:13:49.958151 [debug] [MainThread]: SQL status: SUCCESS 1 in 8.222 seconds
[0m10:13:49.960522 [info ] [MainThread]:   Connection test: [[32mOK connection ok[0m]

[0m10:13:49.960522 [info ] [MainThread]: [31m1 check failed:[0m
[0m10:13:49.961962 [info ] [MainThread]: Project loading failed for the following reason:
 project path <C:\Users\HideakiKawai\Documents\03_development\SF_FINANCE_DEMO\dbt_project.yml> not found

[0m10:13:49.962970 [debug] [MainThread]: Command `dbt debug` failed at 10:13:49.962970 after 15.70 seconds
[0m10:13:49.963972 [debug] [MainThread]: Connection 'debug' was left open.
[0m10:13:49.963972 [debug] [MainThread]: On debug: Close
[0m10:13:50.981508 [debug] [MainThread]: Sending event: {'category': 'dbt', 'action': 'invocation', 'label': 'end', 'context': [<snowplow_tracker.self_describing_json.SelfDescribingJson object at 0x000001B4E7C3ADE0>, <snowplow_tracker.self_describing_json.SelfDescribingJson object at 0x000001B4EA2DAB70>, <snowplow_tracker.self_describing_json.SelfDescribingJson object at 0x000001B4E726FB30>]}
[0m10:13:50.982189 [debug] [MainThread]: Flushing usage events
[0m10:13:53.800768 [debug] [MainThread]: An error was encountered while trying to flush usage events
